<?xml version="1.0" encoding="UTF-8"?>
<testsuite name="MyBinaryTest" tests="1" skipped="0" failures="0" errors="0" timestamp="2021-06-10T13:34:55" hostname="MD-CJDKE06555KH" time="0.002">
  <properties/>
  <testcase name="given3Numbers_WhenAddedToBinaryTree_ShouldReturnSizeThree" classname="MyBinaryTest" time="0.002"/>
  <system-out><![CDATA[]]></system-out>
  <system-err><![CDATA[]]></system-err>
</testsuite>
